<?xml version="1.0" encoding="UTF-8"?>
<!-- Generated by org.testng.reporters.JUnitXMLReporter -->
<testsuite hostname="DESKTOP-Q8JRQO9" ignored="0" name="Default test" tests="10" failures="0" timestamp="22 Jan 2019 03:50:39 GMT" time="77.157" errors="0">
  <testcase name="verifyLandingPageTitle" time="8.017" classname="lppackage.LpPoCTest"/>
  <testcase name="enteringLEARNING_GOALS" time="7.967" classname="lppackage.LpPoCTest"/>
  <testcase name="verifyNoPracticeAssigned" time="3.141" classname="lppackage.LpPoCTest"/>
  <testcase name="assginPracticeVia_PRACTICE_ASSIGNMENT" time="5.739" classname="lppackage.LpPoCTest"/>
  <testcase name="verifyNextPracticeHistSummary" time="6.263" classname="lppackage.LpPoCTest"/>
  <testcase name="drawOnCanvasWithPen" time="6.956" classname="lppackage.LpPoCTest"/>
  <testcase name="undoFunctionalities" time="2.165" classname="lppackage.LpPoCTest"/>
  <testcase name="zoomFunctionalities" time="3.219" classname="lppackage.LpPoCTest"/>
  <testcase name="ChatFunctionality" time="5.073" classname="lppackage.LpPoCTest"/>
  <testcase name="submitingLEARNING_REFLECTION" time="7.619" classname="lppackage.LpPoCTest"/>
</testsuite> <!-- Default test -->
