<?xml version="1.0" encoding="UTF-8"?>
<!-- Generated by org.testng.reporters.JUnitXMLReporter -->
<testsuite ignored="0" hostname="DESKTOP-J0OHCN8" failures="0" tests="10" name="Default test" time="74.993" errors="0" timestamp="21 Jan. 2019 00:27:57 GMT">
  <testcase classname="lppackage.LpPoCTest" name="verifyLandingPageTitle" time="8.051"/>
  <testcase classname="lppackage.LpPoCTest" name="enteringLEARNING_GOALS" time="8.029"/>
  <testcase classname="lppackage.LpPoCTest" name="verifyNoPracticeAssigned" time="3.16"/>
  <testcase classname="lppackage.LpPoCTest" name="assginPracticeVia_PRACTICE_ASSIGNMENT" time="5.816"/>
  <testcase classname="lppackage.LpPoCTest" name="verifyNextPracticeHistSummary" time="4.25"/>
  <testcase classname="lppackage.LpPoCTest" name="drawOnCanvasWithPen" time="7.047"/>
  <testcase classname="lppackage.LpPoCTest" name="undoFunctionalities" time="2.281"/>
  <testcase classname="lppackage.LpPoCTest" name="zoomFunctionalities" time="3.353"/>
  <testcase classname="lppackage.LpPoCTest" name="ChatFunctionality" time="5.182"/>
  <testcase classname="lppackage.LpPoCTest" name="submitingLEARNING_REFLECTION" time="7.684"/>
</testsuite> <!-- Default test -->
